<?xml version="1.0" encoding="UTF-8"?>
<!-- Generated by org.testng.reporters.JUnitReportReporter -->
<testsuite hostname="DESKTOP-5DP6JD6" failures="0" tests="1" name="TestngExecution.Foodpanda" time="44.569" errors="0" timestamp="2024-05-15T13:10:26 IST" skipped="0">
  <testcase classname="TestngExecution.Foodpanda" name="Foodpandalaunch" time="44.569"/>
  <system-out>
    <![CDATA[foodpanda page]]>
  </system-out>
</testsuite> <!-- TestngExecution.Foodpanda -->
