<?xml version="1.0" encoding="UTF-8"?>
<!-- Generated by org.testng.reporters.JUnitReportReporter -->
<testsuite hostname="DESKTOP-5DP6JD6" failures="0" tests="1" name="TestngExecution.swiggy" time="38.206" errors="0" timestamp="2024-05-15T13:21:29 IST" skipped="0">
  <testcase classname="TestngExecution.swiggy" name="swiggylaunch" time="38.206"/>
  <system-out>
    <![CDATA[swiggy page]]>
  </system-out>
</testsuite> <!-- TestngExecution.swiggy -->
