<?xml version="1.0" encoding="UTF-8"?>
<!-- Generated by org.testng.reporters.JUnitReportReporter -->
<testsuite hostname="DESKTOP-5DP6JD6" failures="0" tests="2" name="TestngExecution.Dataprovider" time="17.624" errors="0" timestamp="2024-05-16T12:24:19 IST" skipped="0">
  <testcase classname="TestngExecution.Dataprovider" name="Tologin" time="8.661"/>
  <system-out/>
  <testcase classname="TestngExecution.Dataprovider" name="Tologin" time="8.963"/>
  <system-out/>
</testsuite> <!-- TestngExecution.Dataprovider -->
