<?xml version="1.0" encoding="UTF-8"?>
<!-- Generated by org.testng.reporters.JUnitReportReporter -->
<testsuite hostname="DESKTOP-5DP6JD6" failures="0" tests="1" name="Execution.Zomato" time="43.805" errors="0" timestamp="2024-03-27T13:41:58 IST" skipped="0">
  <testcase classname="Execution.Zomato" name="launched" time="43.805"/>
  <system-out>
    <![CDATA[zomato is launched]]>
  </system-out>
</testsuite> <!-- Execution.Zomato -->
