<?xml version="1.0" encoding="UTF-8"?>
<!-- Generated by org.testng.reporters.JUnitReportReporter -->
<testsuite hostname="DESKTOP-5DP6JD6" failures="0" tests="1" name="Testng.Chronologyorder" time="0.032" errors="0" timestamp="2024-05-16T11:48:24 IST" skipped="0">
  <testcase classname="Testng.Chronologyorder" name="mainmethod" time="0.032"/>
  <system-out>
    <![CDATA[main method]]>
  </system-out>
</testsuite> <!-- Testng.Chronologyorder -->
