<?xml version="1.0" encoding="UTF-8"?>
<!-- Generated by org.testng.reporters.JUnitReportReporter -->
<testsuite hostname="DESKTOP-5DP6JD6" failures="0" tests="1" name="TestngExecution.Kfc" time="31.665" errors="0" timestamp="2024-05-15T13:10:26 IST" skipped="0">
  <testcase classname="TestngExecution.Kfc" name="klaunch" time="31.665"/>
  <system-out>
    <![CDATA[kfc page]]>
  </system-out>
</testsuite> <!-- TestngExecution.Kfc -->
