<?xml version="1.0" encoding="UTF-8"?>
<!-- Generated by org.testng.reporters.JUnitReportReporter -->
<testsuite hostname="DESKTOP-5DP6JD6" failures="0" tests="1" name="Execution.BMW" time="10.892" errors="0" timestamp="2024-03-27T13:28:41 IST" skipped="0">
  <testcase classname="Execution.BMW" name="launched" time="10.892"/>
  <system-out>
    <![CDATA[ bmw is launched]]>
  </system-out>
</testsuite> <!-- Execution.BMW -->
