<?xml version="1.0" encoding="UTF-8"?>
<!-- Generated by org.testng.reporters.JUnitReportReporter -->
<testsuite hostname="DESKTOP-5DP6JD6" failures="0" tests="1" name="Execution.Swiggy" time="9.763" errors="0" timestamp="2024-03-27T13:41:58 IST" skipped="0">
  <testcase classname="Execution.Swiggy" name="launched" time="9.763"/>
  <system-out>
    <![CDATA[ swiggy is launched]]>
  </system-out>
</testsuite> <!-- Execution.Swiggy -->
