<?xml version="1.0" encoding="UTF-8"?>
<!-- Generated by org.testng.reporters.JUnitReportReporter -->
<testsuite hostname="DESKTOP-5DP6JD6" failures="0" tests="4" name="Testng.Basicjava" time="28.662" errors="0" timestamp="2024-03-27T11:05:57 IST" skipped="1">
  <testcase classname="Testng.Basicjava" name="instagram" time="10.136"/>
  <system-out>
    <![CDATA[instagram page is launched]]>
  </system-out>
  <testcase classname="Testng.Basicjava" name="instagram" time="8.176"/>
  <system-out>
    <![CDATA[instagram page is launched]]>
  </system-out>
  <testcase classname="Testng.Basicjava" name="Bms" time="10.350"/>
  <system-out>
    <![CDATA[Bms page is launched]]>
  </system-out>
  <testcase classname="Testng.Basicjava" name="facebook">
    <skipped/>
  </testcase> <!-- facebook -->
  <system-out/>
</testsuite> <!-- Testng.Basicjava -->
