<?xml version="1.0" encoding="UTF-8"?>
<!-- Generated by org.testng.reporters.JUnitReportReporter -->
<testsuite hostname="DESKTOP-5DP6JD6" failures="0" tests="1" name="chronology.Basic" time="0.017" errors="0" timestamp="2024-03-28T16:10:19 IST" skipped="0">
  <testcase classname="chronology.Basic" name="mainmethod" time="0.017"/>
  <system-out>
    <![CDATA[main method is launched]]>
  </system-out>
</testsuite> <!-- chronology.Basic -->
