<?xml version="1.0" encoding="UTF-8"?>
<!-- Generated by org.testng.reporters.JUnitReportReporter -->
<testsuite hostname="DESKTOP-5DP6JD6" failures="0" tests="3" name="Testng.dataprovider" time="18.317" errors="0" timestamp="2024-03-28T18:21:35 IST" skipped="0">
  <testcase classname="Testng.dataprovider" name="tologin" time="5.223"/>
  <system-out/>
  <testcase classname="Testng.dataprovider" name="tologin" time="7.677"/>
  <system-out/>
  <testcase classname="Testng.dataprovider" name="tologin" time="5.417"/>
  <system-out/>
</testsuite> <!-- Testng.dataprovider -->
