<?xml version="1.0" encoding="UTF-8"?>
<!-- Generated by org.testng.reporters.JUnitReportReporter -->
<testsuite hostname="DESKTOP-5DP6JD6" failures="0" tests="1" name="TestngExecution.blinkit" time="24.362" errors="0" timestamp="2024-05-15T13:10:26 IST" skipped="0">
  <testcase classname="TestngExecution.blinkit" name="blinkitlaunch" time="24.362"/>
  <system-out>
    <![CDATA[blinkit page]]>
  </system-out>
</testsuite> <!-- TestngExecution.blinkit -->
