<?xml version="1.0" encoding="UTF-8"?>
<!-- Generated by org.testng.reporters.JUnitReportReporter -->
<testsuite hostname="DESKTOP-5DP6JD6" failures="0" tests="1" name="TestngExecution.Zomato" time="24.471" errors="0" timestamp="2024-05-15T13:21:29 IST" skipped="0">
  <testcase classname="TestngExecution.Zomato" name="Zomatolaunch" time="24.471"/>
  <system-out>
    <![CDATA[zomato page]]>
  </system-out>
</testsuite> <!-- TestngExecution.Zomato -->
